14:39:20 <INFO> Started REINVENT 4.3.5 (C) AstraZeneca 2017, 2023 on 2024-07-16
14:39:20 <INFO> Command line: C:\Users\Rohan KumarMishra\anaconda3\envs\reinvent_final\Scripts\reinvent -l sampling.log config.toml
14:39:20 <INFO> User Rohan KumarMishra on host LAPTOP-V739BV32
14:39:20 <INFO> Python version 3.11.9
14:39:20 <INFO> PyTorch version 2.3.1+cu121, git d44533f9d073df13895333e70b66f81c513c1889
14:39:20 <INFO> PyTorch compiled with CUDA version 12.1
14:39:20 <INFO> RDKit version 2023.09.6
14:39:20 <INFO> Platform Windows-10-10.0.22621-SP0
14:39:20 <INFO> Number of PyTorch CUDA devices 1
14:39:20 <INFO> Using CUDA device:0 NVIDIA GeForce RTX 3050 Ti Laptop GPU
14:39:21 <INFO> GPU memory: 3302 MiB free, 4095 MiB total
14:39:21 <INFO> Writing JSON config file to c:\Users\Rohan KumarMishra\Desktop\hide\chat_pharma\src\_sampling.json
14:39:21 <INFO> Starting Sampling
14:39:21 <INFO> c:\Users\Rohan KumarMishra\Desktop\hide\chat_pharma\src\priors\mol2mol_medium_similarity.prior has valid hash:
{ 'comments': [],
  'creation_date': 0,
  'date_format': 'UNIX epoch',
  'hash_id': 'b67da12a3b4abf1ea4f6d24c0ac58d50',
  'hash_id_format': 'xxhash.xxh3_128_hex 3.4.1',
  'model_id': '0c2799f6b12342b3a31b97c755f8f13a',
  'model_id_format': 'uuid.uuid4 3.10.12',
  'origina_data_source': 'ChEMBL 28',
  'updates': []}
14:39:21 <INFO> Number of network parameters: 17,462,400
14:39:21 <INFO> Using generator Mol2Mol
14:39:21 <INFO> Writing sampled SMILES to CSV file samples\sampling2.csv
14:39:21 <WARN> randomize_smiles is set to be True by user. But the model was trained using canonical SMILESwhere randomize_smiles might undermine the performance (this needs more investigation), but randomize_smiles is reset to be False for now.
14:39:21 <INFO> Sampling 100 SMILES from model priors/mol2mol_medium_similarity.prior
14:39:25 <INFO> Time taken in seconds: 4
14:39:30 <INFO> Finished REINVENT on 2024-07-16
